[2018-02-01 02:51:52] local.ERROR: ReflectionException: Class App\Subscribes\TestSubscriber does not exist in D:\phpstudy\WWW\laravel54\vendor\laravel\framework\src\Illuminate\Container\Container.php:729
Stack trace:
#0 D:\phpstudy\WWW\laravel54\vendor\laravel\framework\src\Illuminate\Container\Container.php(729): ReflectionClass->__construct('App\\Subscribes\\...')
#1 D:\phpstudy\WWW\laravel54\vendor\laravel\framework\src\Illuminate\Container\Container.php(608): Illuminate\Container\Container->build('App\\Subscribes\\...')
#2 D:\phpstudy\WWW\laravel54\vendor\laravel\framework\src\Illuminate\Container\Container.php(575): Illuminate\Container\Container->resolve('App\\Subscribes\\...')
#3 D:\phpstudy\WWW\laravel54\vendor\laravel\framework\src\Illuminate\Foundation\Application.php(728): Illuminate\Container\Container->make('App\\Subscribes\\...')
#4 D:\phpstudy\WWW\laravel54\vendor\laravel\framework\src\Illuminate\Events\Dispatcher.php(144): Illuminate\Foundation\Application->make('App\\Subscribes\\...')
#5 D:\phpstudy\WWW\laravel54\vendor\laravel\framework\src\Illuminate\Events\Dispatcher.php(130): Illuminate\Events\Dispatcher->resolveSubscriber('App\\Subscribes\\...')
#6 D:\phpstudy\WWW\laravel54\vendor\laravel\framework\src\Illuminate\Support\Facades\Facade.php(221): Illuminate\Events\Dispatcher->subscribe('App\\Subscribes\\...')
#7 D:\phpstudy\WWW\laravel54\vendor\laravel\framework\src\Illuminate\Foundation\Support\Providers\EventServiceProvider.php(38): Illuminate\Support\Facades\Facade::__callStatic('subscribe', Array)
#8 D:\phpstudy\WWW\laravel54\app\Providers\EventServiceProvider.php(29): Illuminate\Foundation\Support\Providers\EventServiceProvider->boot()
#9 [internal function]: App\Providers\EventServiceProvider->boot()
#10 D:\phpstudy\WWW\laravel54\vendor\laravel\framework\src\Illuminate\Container\BoundMethod.php(29): call_user_func_array(Array, Array)
#11 D:\phpstudy\WWW\laravel54\vendor\laravel\framework\src\Illuminate\Container\BoundMethod.php(87): Illuminate\Container\BoundMethod::Illuminate\Container\{closure}()
#12 D:\phpstudy\WWW\laravel54\vendor\laravel\framework\src\Illuminate\Container\BoundMethod.php(31): Illuminate\Container\BoundMethod::callBoundMethod(Object(Illuminate\Foundation\Application), Array, Object(Closure))
#13 D:\phpstudy\WWW\laravel54\vendor\laravel\framework\src\Illuminate\Container\Container.php(539): Illuminate\Container\BoundMethod::call(Object(Illuminate\Foundation\Application), Array, Array, NULL)
#14 D:\phpstudy\WWW\laravel54\vendor\laravel\framework\src\Illuminate\Foundation\Application.php(788): Illuminate\Container\Container->call(Array)
#15 D:\phpstudy\WWW\laravel54\vendor\laravel\framework\src\Illuminate\Foundation\Application.php(771): Illuminate\Foundation\Application->bootProvider(Object(App\Providers\EventServiceProvider))
#16 [internal function]: Illuminate\Foundation\Application->Illuminate\Foundation\{closure}(Object(App\Providers\EventServiceProvider), 16)
#17 D:\phpstudy\WWW\laravel54\vendor\laravel\framework\src\Illuminate\Foundation\Application.php(772): array_walk(Array, Object(Closure))
#18 D:\phpstudy\WWW\laravel54\vendor\laravel\framework\src\Illuminate\Foundation\Bootstrap\BootProviders.php(17): Illuminate\Foundation\Application->boot()
#19 D:\phpstudy\WWW\laravel54\vendor\laravel\framework\src\Illuminate\Foundation\Application.php(208): Illuminate\Foundation\Bootstrap\BootProviders->bootstrap(Object(Illuminate\Foundation\Application))
#20 D:\phpstudy\WWW\laravel54\vendor\laravel\framework\src\Illuminate\Foundation\Http\Kernel.php(162): Illuminate\Foundation\Application->bootstrapWith(Array)
#21 D:\phpstudy\WWW\laravel54\vendor\laravel\framework\src\Illuminate\Foundation\Http\Kernel.php(146): Illuminate\Foundation\Http\Kernel->bootstrap()
#22 D:\phpstudy\WWW\laravel54\vendor\laravel\framework\src\Illuminate\Foundation\Http\Kernel.php(116): Illuminate\Foundation\Http\Kernel->sendRequestThroughRouter(Object(Illuminate\Http\Request))
#23 D:\phpstudy\WWW\laravel54\public\index.php(53): Illuminate\Foundation\Http\Kernel->handle(Object(Illuminate\Http\Request))
#24 {main}  
[2018-02-01 03:11:11] local.INFO: other {"a":"A"} 
[2018-02-01 03:11:12] local.ERROR: Predis\Connection\ConnectionException: 由于目标计算机积极拒绝，无法连接。 [tcp://127.0.0.1:6379] in D:\phpstudy\WWW\laravel54\vendor\predis\predis\src\Connection\AbstractConnection.php:144
Stack trace:
#0 D:\phpstudy\WWW\laravel54\vendor\predis\predis\src\Connection\StreamConnection.php(85): Predis\Connection\AbstractConnection->onConnectionError('\xD3\xC9\xD3\xDA\xC4\xBF\xB1\xEA\xBC\xC6\xCB\xE3\xBB\xFA\xBB...', 10061)
#1 D:\phpstudy\WWW\laravel54\vendor\predis\predis\src\Connection\StreamConnection.php(56): Predis\Connection\StreamConnection->tcpStreamInitializer(Object(Predis\Connection\Parameters))
#2 D:\phpstudy\WWW\laravel54\vendor\predis\predis\src\Connection\AbstractConnection.php(93): Predis\Connection\StreamConnection->createResource()
#3 D:\phpstudy\WWW\laravel54\vendor\predis\predis\src\Connection\StreamConnection.php(134): Predis\Connection\AbstractConnection->connect()
#4 D:\phpstudy\WWW\laravel54\vendor\predis\predis\src\Connection\AbstractConnection.php(173): Predis\Connection\StreamConnection->connect()
#5 D:\phpstudy\WWW\laravel54\vendor\predis\predis\src\Connection\StreamConnection.php(160): Predis\Connection\AbstractConnection->getResource()
#6 D:\phpstudy\WWW\laravel54\vendor\predis\predis\src\Connection\StreamConnection.php(266): Predis\Connection\StreamConnection->write('*3\r\n$5\r\nRPUSH\r\n...')
#7 D:\phpstudy\WWW\laravel54\vendor\predis\predis\src\Connection\AbstractConnection.php(122): Predis\Connection\StreamConnection->writeRequest(Object(Predis\Command\ListPushTail))
#8 D:\phpstudy\WWW\laravel54\vendor\predis\predis\src\Client.php(322): Predis\Connection\AbstractConnection->executeCommand(Object(Predis\Command\ListPushTail))
#9 D:\phpstudy\WWW\laravel54\vendor\predis\predis\src\Client.php(305): Predis\Client->executeCommand(Object(Predis\Command\ListPushTail))
#10 D:\phpstudy\WWW\laravel54\vendor\laravel\framework\src\Illuminate\Redis\Connections\Connection.php(72): Predis\Client->__call('rpush', Array)
#11 D:\phpstudy\WWW\laravel54\vendor\laravel\framework\src\Illuminate\Redis\Connections\Connection.php(84): Illuminate\Redis\Connections\Connection->command('rpush', Array)
#12 D:\phpstudy\WWW\laravel54\vendor\laravel\framework\src\Illuminate\Queue\RedisQueue.php(96): Illuminate\Redis\Connections\Connection->__call('rpush', Array)
#13 D:\phpstudy\WWW\laravel54\vendor\laravel\framework\src\Illuminate\Queue\RedisQueue.php(83): Illuminate\Queue\RedisQueue->pushRaw('{"displayName":...', NULL)
#14 D:\phpstudy\WWW\laravel54\vendor\laravel\framework\src\Illuminate\Queue\Queue.php(42): Illuminate\Queue\RedisQueue->push(Object(Illuminate\Events\CallQueuedListener), '', NULL)
#15 D:\phpstudy\WWW\laravel54\vendor\laravel\framework\src\Illuminate\Events\Dispatcher.php(477): Illuminate\Queue\Queue->pushOn(NULL, Object(Illuminate\Events\CallQueuedListener))
#16 D:\phpstudy\WWW\laravel54\vendor\laravel\framework\src\Illuminate\Events\Dispatcher.php(435): Illuminate\Events\Dispatcher->queueHandler('App\\Listeners\\T...', 'handle', Array)
#17 [internal function]: Illuminate\Events\Dispatcher->Illuminate\Events\{closure}(Object(App\Events\TestEvent))
#18 D:\phpstudy\WWW\laravel54\vendor\laravel\framework\src\Illuminate\Events\Dispatcher.php(367): call_user_func_array(Object(Closure), Array)
#19 D:\phpstudy\WWW\laravel54\vendor\laravel\framework\src\Illuminate\Events\Dispatcher.php(199): Illuminate\Events\Dispatcher->Illuminate\Events\{closure}('App\\Events\\Test...', Array)
#20 D:\phpstudy\WWW\laravel54\vendor\laravel\framework\src\Illuminate\Foundation\helpers.php(446): Illuminate\Events\Dispatcher->dispatch('App\\Events\\Test...')
#21 D:\phpstudy\WWW\laravel54\app\Http\Controllers\TestController.php(16): event(Object(App\Events\TestEvent))
#22 [internal function]: App\Http\Controllers\TestController->index()
#23 D:\phpstudy\WWW\laravel54\vendor\laravel\framework\src\Illuminate\Routing\Controller.php(55): call_user_func_array(Array, Array)
#24 D:\phpstudy\WWW\laravel54\vendor\laravel\framework\src\Illuminate\Routing\ControllerDispatcher.php(44): Illuminate\Routing\Controller->callAction('index', Array)
#25 D:\phpstudy\WWW\laravel54\vendor\laravel\framework\src\Illuminate\Routing\Route.php(203): Illuminate\Routing\ControllerDispatcher->dispatch(Object(Illuminate\Routing\Route), Object(App\Http\Controllers\TestController), 'index')
#26 D:\phpstudy\WWW\laravel54\vendor\laravel\framework\src\Illuminate\Routing\Route.php(160): Illuminate\Routing\Route->runController()
#27 D:\phpstudy\WWW\laravel54\vendor\laravel\framework\src\Illuminate\Routing\Router.php(572): Illuminate\Routing\Route->run()
#28 D:\phpstudy\WWW\laravel54\vendor\laravel\framework\src\Illuminate\Routing\Pipeline.php(30): Illuminate\Routing\Router->Illuminate\Routing\{closure}(Object(Illuminate\Http\Request))
#29 D:\phpstudy\WWW\laravel54\vendor\laravel\framework\src\Illuminate\Routing\Middleware\SubstituteBindings.php(41): Illuminate\Routing\Pipeline->Illuminate\Routing\{closure}(Object(Illuminate\Http\Request))
#30 D:\phpstudy\WWW\laravel54\vendor\laravel\framework\src\Illuminate\Pipeline\Pipeline.php(148): Illuminate\Routing\Middleware\SubstituteBindings->handle(Object(Illuminate\Http\Request), Object(Closure))
#31 D:\phpstudy\WWW\laravel54\vendor\laravel\framework\src\Illuminate\Routing\Pipeline.php(53): Illuminate\Pipeline\Pipeline->Illuminate\Pipeline\{closure}(Object(Illuminate\Http\Request))
#32 D:\phpstudy\WWW\laravel54\vendor\laravel\framework\src\Illuminate\Foundation\Http\Middleware\VerifyCsrfToken.php(65): Illuminate\Routing\Pipeline->Illuminate\Routing\{closure}(Object(Illuminate\Http\Request))
#33 D:\phpstudy\WWW\laravel54\vendor\laravel\framework\src\Illuminate\Pipeline\Pipeline.php(148): Illuminate\Foundation\Http\Middleware\VerifyCsrfToken->handle(Object(Illuminate\Http\Request), Object(Closure))
#34 D:\phpstudy\WWW\laravel54\vendor\laravel\framework\src\Illuminate\Routing\Pipeline.php(53): Illuminate\Pipeline\Pipeline->Illuminate\Pipeline\{closure}(Object(Illuminate\Http\Request))
#35 D:\phpstudy\WWW\laravel54\vendor\laravel\framework\src\Illuminate\View\Middleware\ShareErrorsFromSession.php(49): Illuminate\Routing\Pipeline->Illuminate\Routing\{closure}(Object(Illuminate\Http\Request))
#36 D:\phpstudy\WWW\laravel54\vendor\laravel\framework\src\Illuminate\Pipeline\Pipeline.php(148): Illuminate\View\Middleware\ShareErrorsFromSession->handle(Object(Illuminate\Http\Request), Object(Closure))
#37 D:\phpstudy\WWW\laravel54\vendor\laravel\framework\src\Illuminate\Routing\Pipeline.php(53): Illuminate\Pipeline\Pipeline->Illuminate\Pipeline\{closure}(Object(Illuminate\Http\Request))
#38 D:\phpstudy\WWW\laravel54\vendor\laravel\framework\src\Illuminate\Session\Middleware\StartSession.php(64): Illuminate\Routing\Pipeline->Illuminate\Routing\{closure}(Object(Illuminate\Http\Request))
#39 D:\phpstudy\WWW\laravel54\vendor\laravel\framework\src\Illuminate\Pipeline\Pipeline.php(148): Illuminate\Session\Middleware\StartSession->handle(Object(Illuminate\Http\Request), Object(Closure))
#40 D:\phpstudy\WWW\laravel54\vendor\laravel\framework\src\Illuminate\Routing\Pipeline.php(53): Illuminate\Pipeline\Pipeline->Illuminate\Pipeline\{closure}(Object(Illuminate\Http\Request))
#41 D:\phpstudy\WWW\laravel54\vendor\laravel\framework\src\Illuminate\Cookie\Middleware\AddQueuedCookiesToResponse.php(37): Illuminate\Routing\Pipeline->Illuminate\Routing\{closure}(Object(Illuminate\Http\Request))
#42 D:\phpstudy\WWW\laravel54\vendor\laravel\framework\src\Illuminate\Pipeline\Pipeline.php(148): Illuminate\Cookie\Middleware\AddQueuedCookiesToResponse->handle(Object(Illuminate\Http\Request), Object(Closure))
#43 D:\phpstudy\WWW\laravel54\vendor\laravel\framework\src\Illuminate\Routing\Pipeline.php(53): Illuminate\Pipeline\Pipeline->Illuminate\Pipeline\{closure}(Object(Illuminate\Http\Request))
#44 D:\phpstudy\WWW\laravel54\vendor\laravel\framework\src\Illuminate\Cookie\Middleware\EncryptCookies.php(59): Illuminate\Routing\Pipeline->Illuminate\Routing\{closure}(Object(Illuminate\Http\Request))
#45 D:\phpstudy\WWW\laravel54\vendor\laravel\framework\src\Illuminate\Pipeline\Pipeline.php(148): Illuminate\Cookie\Middleware\EncryptCookies->handle(Object(Illuminate\Http\Request), Object(Closure))
#46 D:\phpstudy\WWW\laravel54\vendor\laravel\framework\src\Illuminate\Routing\Pipeline.php(53): Illuminate\Pipeline\Pipeline->Illuminate\Pipeline\{closure}(Object(Illuminate\Http\Request))
#47 D:\phpstudy\WWW\laravel54\vendor\laravel\framework\src\Illuminate\Pipeline\Pipeline.php(102): Illuminate\Routing\Pipeline->Illuminate\Routing\{closure}(Object(Illuminate\Http\Request))
#48 D:\phpstudy\WWW\laravel54\vendor\laravel\framework\src\Illuminate\Routing\Router.php(574): Illuminate\Pipeline\Pipeline->then(Object(Closure))
#49 D:\phpstudy\WWW\laravel54\vendor\laravel\framework\src\Illuminate\Routing\Router.php(533): Illuminate\Routing\Router->runRouteWithinStack(Object(Illuminate\Routing\Route), Object(Illuminate\Http\Request))
#50 D:\phpstudy\WWW\laravel54\vendor\laravel\framework\src\Illuminate\Routing\Router.php(511): Illuminate\Routing\Router->dispatchToRoute(Object(Illuminate\Http\Request))
#51 D:\phpstudy\WWW\laravel54\vendor\laravel\framework\src\Illuminate\Foundation\Http\Kernel.php(176): Illuminate\Routing\Router->dispatch(Object(Illuminate\Http\Request))
#52 D:\phpstudy\WWW\laravel54\vendor\laravel\framework\src\Illuminate\Routing\Pipeline.php(30): Illuminate\Foundation\Http\Kernel->Illuminate\Foundation\Http\{closure}(Object(Illuminate\Http\Request))
#53 D:\phpstudy\WWW\laravel54\vendor\laravel\framework\src\Illuminate\Foundation\Http\Middleware\TransformsRequest.php(30): Illuminate\Routing\Pipeline->Illuminate\Routing\{closure}(Object(Illuminate\Http\Request))
#54 D:\phpstudy\WWW\laravel54\vendor\laravel\framework\src\Illuminate\Pipeline\Pipeline.php(148): Illuminate\Foundation\Http\Middleware\TransformsRequest->handle(Object(Illuminate\Http\Request), Object(Closure))
#55 D:\phpstudy\WWW\laravel54\vendor\laravel\framework\src\Illuminate\Routing\Pipeline.php(53): Illuminate\Pipeline\Pipeline->Illuminate\Pipeline\{closure}(Object(Illuminate\Http\Request))
#56 D:\phpstudy\WWW\laravel54\vendor\laravel\framework\src\Illuminate\Foundation\Http\Middleware\TransformsRequest.php(30): Illuminate\Routing\Pipeline->Illuminate\Routing\{closure}(Object(Illuminate\Http\Request))
#57 D:\phpstudy\WWW\laravel54\vendor\laravel\framework\src\Illuminate\Pipeline\Pipeline.php(148): Illuminate\Foundation\Http\Middleware\TransformsRequest->handle(Object(Illuminate\Http\Request), Object(Closure))
#58 D:\phpstudy\WWW\laravel54\vendor\laravel\framework\src\Illuminate\Routing\Pipeline.php(53): Illuminate\Pipeline\Pipeline->Illuminate\Pipeline\{closure}(Object(Illuminate\Http\Request))
#59 D:\phpstudy\WWW\laravel54\vendor\laravel\framework\src\Illuminate\Foundation\Http\Middleware\ValidatePostSize.php(27): Illuminate\Routing\Pipeline->Illuminate\Routing\{closure}(Object(Illuminate\Http\Request))
#60 D:\phpstudy\WWW\laravel54\vendor\laravel\framework\src\Illuminate\Pipeline\Pipeline.php(148): Illuminate\Foundation\Http\Middleware\ValidatePostSize->handle(Object(Illuminate\Http\Request), Object(Closure))
#61 D:\phpstudy\WWW\laravel54\vendor\laravel\framework\src\Illuminate\Routing\Pipeline.php(53): Illuminate\Pipeline\Pipeline->Illuminate\Pipeline\{closure}(Object(Illuminate\Http\Request))
#62 D:\phpstudy\WWW\laravel54\vendor\laravel\framework\src\Illuminate\Foundation\Http\Middleware\CheckForMaintenanceMode.php(46): Illuminate\Routing\Pipeline->Illuminate\Routing\{closure}(Object(Illuminate\Http\Request))
#63 D:\phpstudy\WWW\laravel54\vendor\laravel\framework\src\Illuminate\Pipeline\Pipeline.php(148): Illuminate\Foundation\Http\Middleware\CheckForMaintenanceMode->handle(Object(Illuminate\Http\Request), Object(Closure))
#64 D:\phpstudy\WWW\laravel54\vendor\laravel\framework\src\Illuminate\Routing\Pipeline.php(53): Illuminate\Pipeline\Pipeline->Illuminate\Pipeline\{closure}(Object(Illuminate\Http\Request))
#65 D:\phpstudy\WWW\laravel54\vendor\laravel\framework\src\Illuminate\Pipeline\Pipeline.php(102): Illuminate\Routing\Pipeline->Illuminate\Routing\{closure}(Object(Illuminate\Http\Request))
#66 D:\phpstudy\WWW\laravel54\vendor\laravel\framework\src\Illuminate\Foundation\Http\Kernel.php(151): Illuminate\Pipeline\Pipeline->then(Object(Closure))
#67 D:\phpstudy\WWW\laravel54\vendor\laravel\framework\src\Illuminate\Foundation\Http\Kernel.php(116): Illuminate\Foundation\Http\Kernel->sendRequestThroughRouter(Object(Illuminate\Http\Request))
#68 D:\phpstudy\WWW\laravel54\public\index.php(53): Illuminate\Foundation\Http\Kernel->handle(Object(Illuminate\Http\Request))
#69 {main}  
[2018-02-01 03:12:09] local.INFO: other {"a":"A"} 
[2018-02-01 03:12:10] local.ERROR: Predis\Connection\ConnectionException: 由于目标计算机积极拒绝，无法连接。 [tcp://127.0.0.1:6379] in D:\phpstudy\WWW\laravel54\vendor\predis\predis\src\Connection\AbstractConnection.php:144
Stack trace:
#0 D:\phpstudy\WWW\laravel54\vendor\predis\predis\src\Connection\StreamConnection.php(85): Predis\Connection\AbstractConnection->onConnectionError('\xD3\xC9\xD3\xDA\xC4\xBF\xB1\xEA\xBC\xC6\xCB\xE3\xBB\xFA\xBB...', 10061)
#1 D:\phpstudy\WWW\laravel54\vendor\predis\predis\src\Connection\StreamConnection.php(56): Predis\Connection\StreamConnection->tcpStreamInitializer(Object(Predis\Connection\Parameters))
#2 D:\phpstudy\WWW\laravel54\vendor\predis\predis\src\Connection\AbstractConnection.php(93): Predis\Connection\StreamConnection->createResource()
#3 D:\phpstudy\WWW\laravel54\vendor\predis\predis\src\Connection\StreamConnection.php(134): Predis\Connection\AbstractConnection->connect()
#4 D:\phpstudy\WWW\laravel54\vendor\predis\predis\src\Connection\AbstractConnection.php(173): Predis\Connection\StreamConnection->connect()
#5 D:\phpstudy\WWW\laravel54\vendor\predis\predis\src\Connection\StreamConnection.php(160): Predis\Connection\AbstractConnection->getResource()
#6 D:\phpstudy\WWW\laravel54\vendor\predis\predis\src\Connection\StreamConnection.php(266): Predis\Connection\StreamConnection->write('*3\r\n$5\r\nRPUSH\r\n...')
#7 D:\phpstudy\WWW\laravel54\vendor\predis\predis\src\Connection\AbstractConnection.php(122): Predis\Connection\StreamConnection->writeRequest(Object(Predis\Command\ListPushTail))
#8 D:\phpstudy\WWW\laravel54\vendor\predis\predis\src\Client.php(322): Predis\Connection\AbstractConnection->executeCommand(Object(Predis\Command\ListPushTail))
#9 D:\phpstudy\WWW\laravel54\vendor\predis\predis\src\Client.php(305): Predis\Client->executeCommand(Object(Predis\Command\ListPushTail))
#10 D:\phpstudy\WWW\laravel54\vendor\laravel\framework\src\Illuminate\Redis\Connections\Connection.php(72): Predis\Client->__call('rpush', Array)
#11 D:\phpstudy\WWW\laravel54\vendor\laravel\framework\src\Illuminate\Redis\Connections\Connection.php(84): Illuminate\Redis\Connections\Connection->command('rpush', Array)
#12 D:\phpstudy\WWW\laravel54\vendor\laravel\framework\src\Illuminate\Queue\RedisQueue.php(96): Illuminate\Redis\Connections\Connection->__call('rpush', Array)
#13 D:\phpstudy\WWW\laravel54\vendor\laravel\framework\src\Illuminate\Queue\RedisQueue.php(83): Illuminate\Queue\RedisQueue->pushRaw('{"displayName":...', NULL)
#14 D:\phpstudy\WWW\laravel54\vendor\laravel\framework\src\Illuminate\Queue\Queue.php(42): Illuminate\Queue\RedisQueue->push(Object(Illuminate\Events\CallQueuedListener), '', NULL)
#15 D:\phpstudy\WWW\laravel54\vendor\laravel\framework\src\Illuminate\Events\Dispatcher.php(477): Illuminate\Queue\Queue->pushOn(NULL, Object(Illuminate\Events\CallQueuedListener))
#16 D:\phpstudy\WWW\laravel54\vendor\laravel\framework\src\Illuminate\Events\Dispatcher.php(435): Illuminate\Events\Dispatcher->queueHandler('App\\Listeners\\T...', 'handle', Array)
#17 [internal function]: Illuminate\Events\Dispatcher->Illuminate\Events\{closure}(Object(App\Events\TestEvent))
#18 D:\phpstudy\WWW\laravel54\vendor\laravel\framework\src\Illuminate\Events\Dispatcher.php(367): call_user_func_array(Object(Closure), Array)
#19 D:\phpstudy\WWW\laravel54\vendor\laravel\framework\src\Illuminate\Events\Dispatcher.php(199): Illuminate\Events\Dispatcher->Illuminate\Events\{closure}('App\\Events\\Test...', Array)
#20 D:\phpstudy\WWW\laravel54\vendor\laravel\framework\src\Illuminate\Foundation\helpers.php(446): Illuminate\Events\Dispatcher->dispatch('App\\Events\\Test...')
#21 D:\phpstudy\WWW\laravel54\app\Http\Controllers\TestController.php(16): event(Object(App\Events\TestEvent))
#22 [internal function]: App\Http\Controllers\TestController->index()
#23 D:\phpstudy\WWW\laravel54\vendor\laravel\framework\src\Illuminate\Routing\Controller.php(55): call_user_func_array(Array, Array)
#24 D:\phpstudy\WWW\laravel54\vendor\laravel\framework\src\Illuminate\Routing\ControllerDispatcher.php(44): Illuminate\Routing\Controller->callAction('index', Array)
#25 D:\phpstudy\WWW\laravel54\vendor\laravel\framework\src\Illuminate\Routing\Route.php(203): Illuminate\Routing\ControllerDispatcher->dispatch(Object(Illuminate\Routing\Route), Object(App\Http\Controllers\TestController), 'index')
#26 D:\phpstudy\WWW\laravel54\vendor\laravel\framework\src\Illuminate\Routing\Route.php(160): Illuminate\Routing\Route->runController()
#27 D:\phpstudy\WWW\laravel54\vendor\laravel\framework\src\Illuminate\Routing\Router.php(572): Illuminate\Routing\Route->run()
#28 D:\phpstudy\WWW\laravel54\vendor\laravel\framework\src\Illuminate\Routing\Pipeline.php(30): Illuminate\Routing\Router->Illuminate\Routing\{closure}(Object(Illuminate\Http\Request))
#29 D:\phpstudy\WWW\laravel54\vendor\laravel\framework\src\Illuminate\Routing\Middleware\SubstituteBindings.php(41): Illuminate\Routing\Pipeline->Illuminate\Routing\{closure}(Object(Illuminate\Http\Request))
#30 D:\phpstudy\WWW\laravel54\vendor\laravel\framework\src\Illuminate\Pipeline\Pipeline.php(148): Illuminate\Routing\Middleware\SubstituteBindings->handle(Object(Illuminate\Http\Request), Object(Closure))
#31 D:\phpstudy\WWW\laravel54\vendor\laravel\framework\src\Illuminate\Routing\Pipeline.php(53): Illuminate\Pipeline\Pipeline->Illuminate\Pipeline\{closure}(Object(Illuminate\Http\Request))
#32 D:\phpstudy\WWW\laravel54\vendor\laravel\framework\src\Illuminate\Foundation\Http\Middleware\VerifyCsrfToken.php(65): Illuminate\Routing\Pipeline->Illuminate\Routing\{closure}(Object(Illuminate\Http\Request))
#33 D:\phpstudy\WWW\laravel54\vendor\laravel\framework\src\Illuminate\Pipeline\Pipeline.php(148): Illuminate\Foundation\Http\Middleware\VerifyCsrfToken->handle(Object(Illuminate\Http\Request), Object(Closure))
#34 D:\phpstudy\WWW\laravel54\vendor\laravel\framework\src\Illuminate\Routing\Pipeline.php(53): Illuminate\Pipeline\Pipeline->Illuminate\Pipeline\{closure}(Object(Illuminate\Http\Request))
#35 D:\phpstudy\WWW\laravel54\vendor\laravel\framework\src\Illuminate\View\Middleware\ShareErrorsFromSession.php(49): Illuminate\Routing\Pipeline->Illuminate\Routing\{closure}(Object(Illuminate\Http\Request))
#36 D:\phpstudy\WWW\laravel54\vendor\laravel\framework\src\Illuminate\Pipeline\Pipeline.php(148): Illuminate\View\Middleware\ShareErrorsFromSession->handle(Object(Illuminate\Http\Request), Object(Closure))
#37 D:\phpstudy\WWW\laravel54\vendor\laravel\framework\src\Illuminate\Routing\Pipeline.php(53): Illuminate\Pipeline\Pipeline->Illuminate\Pipeline\{closure}(Object(Illuminate\Http\Request))
#38 D:\phpstudy\WWW\laravel54\vendor\laravel\framework\src\Illuminate\Session\Middleware\StartSession.php(64): Illuminate\Routing\Pipeline->Illuminate\Routing\{closure}(Object(Illuminate\Http\Request))
#39 D:\phpstudy\WWW\laravel54\vendor\laravel\framework\src\Illuminate\Pipeline\Pipeline.php(148): Illuminate\Session\Middleware\StartSession->handle(Object(Illuminate\Http\Request), Object(Closure))
#40 D:\phpstudy\WWW\laravel54\vendor\laravel\framework\src\Illuminate\Routing\Pipeline.php(53): Illuminate\Pipeline\Pipeline->Illuminate\Pipeline\{closure}(Object(Illuminate\Http\Request))
#41 D:\phpstudy\WWW\laravel54\vendor\laravel\framework\src\Illuminate\Cookie\Middleware\AddQueuedCookiesToResponse.php(37): Illuminate\Routing\Pipeline->Illuminate\Routing\{closure}(Object(Illuminate\Http\Request))
#42 D:\phpstudy\WWW\laravel54\vendor\laravel\framework\src\Illuminate\Pipeline\Pipeline.php(148): Illuminate\Cookie\Middleware\AddQueuedCookiesToResponse->handle(Object(Illuminate\Http\Request), Object(Closure))
#43 D:\phpstudy\WWW\laravel54\vendor\laravel\framework\src\Illuminate\Routing\Pipeline.php(53): Illuminate\Pipeline\Pipeline->Illuminate\Pipeline\{closure}(Object(Illuminate\Http\Request))
#44 D:\phpstudy\WWW\laravel54\vendor\laravel\framework\src\Illuminate\Cookie\Middleware\EncryptCookies.php(59): Illuminate\Routing\Pipeline->Illuminate\Routing\{closure}(Object(Illuminate\Http\Request))
#45 D:\phpstudy\WWW\laravel54\vendor\laravel\framework\src\Illuminate\Pipeline\Pipeline.php(148): Illuminate\Cookie\Middleware\EncryptCookies->handle(Object(Illuminate\Http\Request), Object(Closure))
#46 D:\phpstudy\WWW\laravel54\vendor\laravel\framework\src\Illuminate\Routing\Pipeline.php(53): Illuminate\Pipeline\Pipeline->Illuminate\Pipeline\{closure}(Object(Illuminate\Http\Request))
#47 D:\phpstudy\WWW\laravel54\vendor\laravel\framework\src\Illuminate\Pipeline\Pipeline.php(102): Illuminate\Routing\Pipeline->Illuminate\Routing\{closure}(Object(Illuminate\Http\Request))
#48 D:\phpstudy\WWW\laravel54\vendor\laravel\framework\src\Illuminate\Routing\Router.php(574): Illuminate\Pipeline\Pipeline->then(Object(Closure))
#49 D:\phpstudy\WWW\laravel54\vendor\laravel\framework\src\Illuminate\Routing\Router.php(533): Illuminate\Routing\Router->runRouteWithinStack(Object(Illuminate\Routing\Route), Object(Illuminate\Http\Request))
#50 D:\phpstudy\WWW\laravel54\vendor\laravel\framework\src\Illuminate\Routing\Router.php(511): Illuminate\Routing\Router->dispatchToRoute(Object(Illuminate\Http\Request))
#51 D:\phpstudy\WWW\laravel54\vendor\laravel\framework\src\Illuminate\Foundation\Http\Kernel.php(176): Illuminate\Routing\Router->dispatch(Object(Illuminate\Http\Request))
#52 D:\phpstudy\WWW\laravel54\vendor\laravel\framework\src\Illuminate\Routing\Pipeline.php(30): Illuminate\Foundation\Http\Kernel->Illuminate\Foundation\Http\{closure}(Object(Illuminate\Http\Request))
#53 D:\phpstudy\WWW\laravel54\vendor\laravel\framework\src\Illuminate\Foundation\Http\Middleware\TransformsRequest.php(30): Illuminate\Routing\Pipeline->Illuminate\Routing\{closure}(Object(Illuminate\Http\Request))
#54 D:\phpstudy\WWW\laravel54\vendor\laravel\framework\src\Illuminate\Pipeline\Pipeline.php(148): Illuminate\Foundation\Http\Middleware\TransformsRequest->handle(Object(Illuminate\Http\Request), Object(Closure))
#55 D:\phpstudy\WWW\laravel54\vendor\laravel\framework\src\Illuminate\Routing\Pipeline.php(53): Illuminate\Pipeline\Pipeline->Illuminate\Pipeline\{closure}(Object(Illuminate\Http\Request))
#56 D:\phpstudy\WWW\laravel54\vendor\laravel\framework\src\Illuminate\Foundation\Http\Middleware\TransformsRequest.php(30): Illuminate\Routing\Pipeline->Illuminate\Routing\{closure}(Object(Illuminate\Http\Request))
#57 D:\phpstudy\WWW\laravel54\vendor\laravel\framework\src\Illuminate\Pipeline\Pipeline.php(148): Illuminate\Foundation\Http\Middleware\TransformsRequest->handle(Object(Illuminate\Http\Request), Object(Closure))
#58 D:\phpstudy\WWW\laravel54\vendor\laravel\framework\src\Illuminate\Routing\Pipeline.php(53): Illuminate\Pipeline\Pipeline->Illuminate\Pipeline\{closure}(Object(Illuminate\Http\Request))
#59 D:\phpstudy\WWW\laravel54\vendor\laravel\framework\src\Illuminate\Foundation\Http\Middleware\ValidatePostSize.php(27): Illuminate\Routing\Pipeline->Illuminate\Routing\{closure}(Object(Illuminate\Http\Request))
#60 D:\phpstudy\WWW\laravel54\vendor\laravel\framework\src\Illuminate\Pipeline\Pipeline.php(148): Illuminate\Foundation\Http\Middleware\ValidatePostSize->handle(Object(Illuminate\Http\Request), Object(Closure))
#61 D:\phpstudy\WWW\laravel54\vendor\laravel\framework\src\Illuminate\Routing\Pipeline.php(53): Illuminate\Pipeline\Pipeline->Illuminate\Pipeline\{closure}(Object(Illuminate\Http\Request))
#62 D:\phpstudy\WWW\laravel54\vendor\laravel\framework\src\Illuminate\Foundation\Http\Middleware\CheckForMaintenanceMode.php(46): Illuminate\Routing\Pipeline->Illuminate\Routing\{closure}(Object(Illuminate\Http\Request))
#63 D:\phpstudy\WWW\laravel54\vendor\laravel\framework\src\Illuminate\Pipeline\Pipeline.php(148): Illuminate\Foundation\Http\Middleware\CheckForMaintenanceMode->handle(Object(Illuminate\Http\Request), Object(Closure))
#64 D:\phpstudy\WWW\laravel54\vendor\laravel\framework\src\Illuminate\Routing\Pipeline.php(53): Illuminate\Pipeline\Pipeline->Illuminate\Pipeline\{closure}(Object(Illuminate\Http\Request))
#65 D:\phpstudy\WWW\laravel54\vendor\laravel\framework\src\Illuminate\Pipeline\Pipeline.php(102): Illuminate\Routing\Pipeline->Illuminate\Routing\{closure}(Object(Illuminate\Http\Request))
#66 D:\phpstudy\WWW\laravel54\vendor\laravel\framework\src\Illuminate\Foundation\Http\Kernel.php(151): Illuminate\Pipeline\Pipeline->then(Object(Closure))
#67 D:\phpstudy\WWW\laravel54\vendor\laravel\framework\src\Illuminate\Foundation\Http\Kernel.php(116): Illuminate\Foundation\Http\Kernel->sendRequestThroughRouter(Object(Illuminate\Http\Request))
#68 D:\phpstudy\WWW\laravel54\public\index.php(53): Illuminate\Foundation\Http\Kernel->handle(Object(Illuminate\Http\Request))
#69 {main}  
[2018-02-01 03:12:26] local.INFO: other {"a":"A"} 
[2018-02-01 03:12:27] local.ERROR: Predis\Connection\ConnectionException: 由于目标计算机积极拒绝，无法连接。 [tcp://127.0.0.1:6379] in D:\phpstudy\WWW\laravel54\vendor\predis\predis\src\Connection\AbstractConnection.php:144
Stack trace:
#0 D:\phpstudy\WWW\laravel54\vendor\predis\predis\src\Connection\StreamConnection.php(85): Predis\Connection\AbstractConnection->onConnectionError('\xD3\xC9\xD3\xDA\xC4\xBF\xB1\xEA\xBC\xC6\xCB\xE3\xBB\xFA\xBB...', 10061)
#1 D:\phpstudy\WWW\laravel54\vendor\predis\predis\src\Connection\StreamConnection.php(56): Predis\Connection\StreamConnection->tcpStreamInitializer(Object(Predis\Connection\Parameters))
#2 D:\phpstudy\WWW\laravel54\vendor\predis\predis\src\Connection\AbstractConnection.php(93): Predis\Connection\StreamConnection->createResource()
#3 D:\phpstudy\WWW\laravel54\vendor\predis\predis\src\Connection\StreamConnection.php(134): Predis\Connection\AbstractConnection->connect()
#4 D:\phpstudy\WWW\laravel54\vendor\predis\predis\src\Connection\AbstractConnection.php(173): Predis\Connection\StreamConnection->connect()
#5 D:\phpstudy\WWW\laravel54\vendor\predis\predis\src\Connection\StreamConnection.php(160): Predis\Connection\AbstractConnection->getResource()
#6 D:\phpstudy\WWW\laravel54\vendor\predis\predis\src\Connection\StreamConnection.php(266): Predis\Connection\StreamConnection->write('*3\r\n$5\r\nRPUSH\r\n...')
#7 D:\phpstudy\WWW\laravel54\vendor\predis\predis\src\Connection\AbstractConnection.php(122): Predis\Connection\StreamConnection->writeRequest(Object(Predis\Command\ListPushTail))
#8 D:\phpstudy\WWW\laravel54\vendor\predis\predis\src\Client.php(322): Predis\Connection\AbstractConnection->executeCommand(Object(Predis\Command\ListPushTail))
#9 D:\phpstudy\WWW\laravel54\vendor\predis\predis\src\Client.php(305): Predis\Client->executeCommand(Object(Predis\Command\ListPushTail))
#10 D:\phpstudy\WWW\laravel54\vendor\laravel\framework\src\Illuminate\Redis\Connections\Connection.php(72): Predis\Client->__call('rpush', Array)
#11 D:\phpstudy\WWW\laravel54\vendor\laravel\framework\src\Illuminate\Redis\Connections\Connection.php(84): Illuminate\Redis\Connections\Connection->command('rpush', Array)
#12 D:\phpstudy\WWW\laravel54\vendor\laravel\framework\src\Illuminate\Queue\RedisQueue.php(96): Illuminate\Redis\Connections\Connection->__call('rpush', Array)
#13 D:\phpstudy\WWW\laravel54\vendor\laravel\framework\src\Illuminate\Queue\RedisQueue.php(83): Illuminate\Queue\RedisQueue->pushRaw('{"displayName":...', NULL)
#14 D:\phpstudy\WWW\laravel54\vendor\laravel\framework\src\Illuminate\Queue\Queue.php(42): Illuminate\Queue\RedisQueue->push(Object(Illuminate\Events\CallQueuedListener), '', NULL)
#15 D:\phpstudy\WWW\laravel54\vendor\laravel\framework\src\Illuminate\Events\Dispatcher.php(477): Illuminate\Queue\Queue->pushOn(NULL, Object(Illuminate\Events\CallQueuedListener))
#16 D:\phpstudy\WWW\laravel54\vendor\laravel\framework\src\Illuminate\Events\Dispatcher.php(435): Illuminate\Events\Dispatcher->queueHandler('App\\Listeners\\T...', 'handle', Array)
#17 [internal function]: Illuminate\Events\Dispatcher->Illuminate\Events\{closure}(Object(App\Events\TestEvent))
#18 D:\phpstudy\WWW\laravel54\vendor\laravel\framework\src\Illuminate\Events\Dispatcher.php(367): call_user_func_array(Object(Closure), Array)
#19 D:\phpstudy\WWW\laravel54\vendor\laravel\framework\src\Illuminate\Events\Dispatcher.php(199): Illuminate\Events\Dispatcher->Illuminate\Events\{closure}('App\\Events\\Test...', Array)
#20 D:\phpstudy\WWW\laravel54\vendor\laravel\framework\src\Illuminate\Foundation\helpers.php(446): Illuminate\Events\Dispatcher->dispatch('App\\Events\\Test...')
#21 D:\phpstudy\WWW\laravel54\app\Http\Controllers\TestController.php(16): event(Object(App\Events\TestEvent))
#22 [internal function]: App\Http\Controllers\TestController->index()
#23 D:\phpstudy\WWW\laravel54\vendor\laravel\framework\src\Illuminate\Routing\Controller.php(55): call_user_func_array(Array, Array)
#24 D:\phpstudy\WWW\laravel54\vendor\laravel\framework\src\Illuminate\Routing\ControllerDispatcher.php(44): Illuminate\Routing\Controller->callAction('index', Array)
#25 D:\phpstudy\WWW\laravel54\vendor\laravel\framework\src\Illuminate\Routing\Route.php(203): Illuminate\Routing\ControllerDispatcher->dispatch(Object(Illuminate\Routing\Route), Object(App\Http\Controllers\TestController), 'index')
#26 D:\phpstudy\WWW\laravel54\vendor\laravel\framework\src\Illuminate\Routing\Route.php(160): Illuminate\Routing\Route->runController()
#27 D:\phpstudy\WWW\laravel54\vendor\laravel\framework\src\Illuminate\Routing\Router.php(572): Illuminate\Routing\Route->run()
#28 D:\phpstudy\WWW\laravel54\vendor\laravel\framework\src\Illuminate\Routing\Pipeline.php(30): Illuminate\Routing\Router->Illuminate\Routing\{closure}(Object(Illuminate\Http\Request))
#29 D:\phpstudy\WWW\laravel54\vendor\laravel\framework\src\Illuminate\Routing\Middleware\SubstituteBindings.php(41): Illuminate\Routing\Pipeline->Illuminate\Routing\{closure}(Object(Illuminate\Http\Request))
#30 D:\phpstudy\WWW\laravel54\vendor\laravel\framework\src\Illuminate\Pipeline\Pipeline.php(148): Illuminate\Routing\Middleware\SubstituteBindings->handle(Object(Illuminate\Http\Request), Object(Closure))
#31 D:\phpstudy\WWW\laravel54\vendor\laravel\framework\src\Illuminate\Routing\Pipeline.php(53): Illuminate\Pipeline\Pipeline->Illuminate\Pipeline\{closure}(Object(Illuminate\Http\Request))
#32 D:\phpstudy\WWW\laravel54\vendor\laravel\framework\src\Illuminate\Foundation\Http\Middleware\VerifyCsrfToken.php(65): Illuminate\Routing\Pipeline->Illuminate\Routing\{closure}(Object(Illuminate\Http\Request))
#33 D:\phpstudy\WWW\laravel54\vendor\laravel\framework\src\Illuminate\Pipeline\Pipeline.php(148): Illuminate\Foundation\Http\Middleware\VerifyCsrfToken->handle(Object(Illuminate\Http\Request), Object(Closure))
#34 D:\phpstudy\WWW\laravel54\vendor\laravel\framework\src\Illuminate\Routing\Pipeline.php(53): Illuminate\Pipeline\Pipeline->Illuminate\Pipeline\{closure}(Object(Illuminate\Http\Request))
#35 D:\phpstudy\WWW\laravel54\vendor\laravel\framework\src\Illuminate\View\Middleware\ShareErrorsFromSession.php(49): Illuminate\Routing\Pipeline->Illuminate\Routing\{closure}(Object(Illuminate\Http\Request))
#36 D:\phpstudy\WWW\laravel54\vendor\laravel\framework\src\Illuminate\Pipeline\Pipeline.php(148): Illuminate\View\Middleware\ShareErrorsFromSession->handle(Object(Illuminate\Http\Request), Object(Closure))
#37 D:\phpstudy\WWW\laravel54\vendor\laravel\framework\src\Illuminate\Routing\Pipeline.php(53): Illuminate\Pipeline\Pipeline->Illuminate\Pipeline\{closure}(Object(Illuminate\Http\Request))
#38 D:\phpstudy\WWW\laravel54\vendor\laravel\framework\src\Illuminate\Session\Middleware\StartSession.php(64): Illuminate\Routing\Pipeline->Illuminate\Routing\{closure}(Object(Illuminate\Http\Request))
#39 D:\phpstudy\WWW\laravel54\vendor\laravel\framework\src\Illuminate\Pipeline\Pipeline.php(148): Illuminate\Session\Middleware\StartSession->handle(Object(Illuminate\Http\Request), Object(Closure))
#40 D:\phpstudy\WWW\laravel54\vendor\laravel\framework\src\Illuminate\Routing\Pipeline.php(53): Illuminate\Pipeline\Pipeline->Illuminate\Pipeline\{closure}(Object(Illuminate\Http\Request))
#41 D:\phpstudy\WWW\laravel54\vendor\laravel\framework\src\Illuminate\Cookie\Middleware\AddQueuedCookiesToResponse.php(37): Illuminate\Routing\Pipeline->Illuminate\Routing\{closure}(Object(Illuminate\Http\Request))
#42 D:\phpstudy\WWW\laravel54\vendor\laravel\framework\src\Illuminate\Pipeline\Pipeline.php(148): Illuminate\Cookie\Middleware\AddQueuedCookiesToResponse->handle(Object(Illuminate\Http\Request), Object(Closure))
#43 D:\phpstudy\WWW\laravel54\vendor\laravel\framework\src\Illuminate\Routing\Pipeline.php(53): Illuminate\Pipeline\Pipeline->Illuminate\Pipeline\{closure}(Object(Illuminate\Http\Request))
#44 D:\phpstudy\WWW\laravel54\vendor\laravel\framework\src\Illuminate\Cookie\Middleware\EncryptCookies.php(59): Illuminate\Routing\Pipeline->Illuminate\Routing\{closure}(Object(Illuminate\Http\Request))
#45 D:\phpstudy\WWW\laravel54\vendor\laravel\framework\src\Illuminate\Pipeline\Pipeline.php(148): Illuminate\Cookie\Middleware\EncryptCookies->handle(Object(Illuminate\Http\Request), Object(Closure))
#46 D:\phpstudy\WWW\laravel54\vendor\laravel\framework\src\Illuminate\Routing\Pipeline.php(53): Illuminate\Pipeline\Pipeline->Illuminate\Pipeline\{closure}(Object(Illuminate\Http\Request))
#47 D:\phpstudy\WWW\laravel54\vendor\laravel\framework\src\Illuminate\Pipeline\Pipeline.php(102): Illuminate\Routing\Pipeline->Illuminate\Routing\{closure}(Object(Illuminate\Http\Request))
#48 D:\phpstudy\WWW\laravel54\vendor\laravel\framework\src\Illuminate\Routing\Router.php(574): Illuminate\Pipeline\Pipeline->then(Object(Closure))
#49 D:\phpstudy\WWW\laravel54\vendor\laravel\framework\src\Illuminate\Routing\Router.php(533): Illuminate\Routing\Router->runRouteWithinStack(Object(Illuminate\Routing\Route), Object(Illuminate\Http\Request))
#50 D:\phpstudy\WWW\laravel54\vendor\laravel\framework\src\Illuminate\Routing\Router.php(511): Illuminate\Routing\Router->dispatchToRoute(Object(Illuminate\Http\Request))
#51 D:\phpstudy\WWW\laravel54\vendor\laravel\framework\src\Illuminate\Foundation\Http\Kernel.php(176): Illuminate\Routing\Router->dispatch(Object(Illuminate\Http\Request))
#52 D:\phpstudy\WWW\laravel54\vendor\laravel\framework\src\Illuminate\Routing\Pipeline.php(30): Illuminate\Foundation\Http\Kernel->Illuminate\Foundation\Http\{closure}(Object(Illuminate\Http\Request))
#53 D:\phpstudy\WWW\laravel54\vendor\laravel\framework\src\Illuminate\Foundation\Http\Middleware\TransformsRequest.php(30): Illuminate\Routing\Pipeline->Illuminate\Routing\{closure}(Object(Illuminate\Http\Request))
#54 D:\phpstudy\WWW\laravel54\vendor\laravel\framework\src\Illuminate\Pipeline\Pipeline.php(148): Illuminate\Foundation\Http\Middleware\TransformsRequest->handle(Object(Illuminate\Http\Request), Object(Closure))
#55 D:\phpstudy\WWW\laravel54\vendor\laravel\framework\src\Illuminate\Routing\Pipeline.php(53): Illuminate\Pipeline\Pipeline->Illuminate\Pipeline\{closure}(Object(Illuminate\Http\Request))
#56 D:\phpstudy\WWW\laravel54\vendor\laravel\framework\src\Illuminate\Foundation\Http\Middleware\TransformsRequest.php(30): Illuminate\Routing\Pipeline->Illuminate\Routing\{closure}(Object(Illuminate\Http\Request))
#57 D:\phpstudy\WWW\laravel54\vendor\laravel\framework\src\Illuminate\Pipeline\Pipeline.php(148): Illuminate\Foundation\Http\Middleware\TransformsRequest->handle(Object(Illuminate\Http\Request), Object(Closure))
#58 D:\phpstudy\WWW\laravel54\vendor\laravel\framework\src\Illuminate\Routing\Pipeline.php(53): Illuminate\Pipeline\Pipeline->Illuminate\Pipeline\{closure}(Object(Illuminate\Http\Request))
#59 D:\phpstudy\WWW\laravel54\vendor\laravel\framework\src\Illuminate\Foundation\Http\Middleware\ValidatePostSize.php(27): Illuminate\Routing\Pipeline->Illuminate\Routing\{closure}(Object(Illuminate\Http\Request))
#60 D:\phpstudy\WWW\laravel54\vendor\laravel\framework\src\Illuminate\Pipeline\Pipeline.php(148): Illuminate\Foundation\Http\Middleware\ValidatePostSize->handle(Object(Illuminate\Http\Request), Object(Closure))
#61 D:\phpstudy\WWW\laravel54\vendor\laravel\framework\src\Illuminate\Routing\Pipeline.php(53): Illuminate\Pipeline\Pipeline->Illuminate\Pipeline\{closure}(Object(Illuminate\Http\Request))
#62 D:\phpstudy\WWW\laravel54\vendor\laravel\framework\src\Illuminate\Foundation\Http\Middleware\CheckForMaintenanceMode.php(46): Illuminate\Routing\Pipeline->Illuminate\Routing\{closure}(Object(Illuminate\Http\Request))
#63 D:\phpstudy\WWW\laravel54\vendor\laravel\framework\src\Illuminate\Pipeline\Pipeline.php(148): Illuminate\Foundation\Http\Middleware\CheckForMaintenanceMode->handle(Object(Illuminate\Http\Request), Object(Closure))
#64 D:\phpstudy\WWW\laravel54\vendor\laravel\framework\src\Illuminate\Routing\Pipeline.php(53): Illuminate\Pipeline\Pipeline->Illuminate\Pipeline\{closure}(Object(Illuminate\Http\Request))
#65 D:\phpstudy\WWW\laravel54\vendor\laravel\framework\src\Illuminate\Pipeline\Pipeline.php(102): Illuminate\Routing\Pipeline->Illuminate\Routing\{closure}(Object(Illuminate\Http\Request))
#66 D:\phpstudy\WWW\laravel54\vendor\laravel\framework\src\Illuminate\Foundation\Http\Kernel.php(151): Illuminate\Pipeline\Pipeline->then(Object(Closure))
#67 D:\phpstudy\WWW\laravel54\vendor\laravel\framework\src\Illuminate\Foundation\Http\Kernel.php(116): Illuminate\Foundation\Http\Kernel->sendRequestThroughRouter(Object(Illuminate\Http\Request))
#68 D:\phpstudy\WWW\laravel54\public\index.php(53): Illuminate\Foundation\Http\Kernel->handle(Object(Illuminate\Http\Request))
#69 {main}  
[2018-02-01 03:12:37] local.INFO: other {"a":"A"} 
[2018-02-01 03:13:05] local.INFO: other {"a":"A"} 
[2018-02-01 03:13:54] local.INFO: other {"a":"A"} 
[2018-02-01 03:14:10] local.INFO: other {"a":"A"} 
[2018-02-01 06:27:39] local.ERROR: Symfony\Component\Debug\Exception\FatalThrowableError: Call to undefined method App\Subscribers\TestSubscriber::subscribe() in D:\phpstudy\WWW\laravel54\vendor\laravel\framework\src\Illuminate\Events\Dispatcher.php:132
Stack trace:
#0 D:\phpstudy\WWW\laravel54\vendor\laravel\framework\src\Illuminate\Support\Facades\Facade.php(221): Illuminate\Events\Dispatcher->subscribe(Object(App\Subscribers\TestSubscriber))
#1 D:\phpstudy\WWW\laravel54\vendor\laravel\framework\src\Illuminate\Foundation\Support\Providers\EventServiceProvider.php(38): Illuminate\Support\Facades\Facade::__callStatic('subscribe', Array)
#2 D:\phpstudy\WWW\laravel54\app\Providers\EventServiceProvider.php(31): Illuminate\Foundation\Support\Providers\EventServiceProvider->boot()
#3 [internal function]: App\Providers\EventServiceProvider->boot()
#4 D:\phpstudy\WWW\laravel54\vendor\laravel\framework\src\Illuminate\Container\BoundMethod.php(29): call_user_func_array(Array, Array)
#5 D:\phpstudy\WWW\laravel54\vendor\laravel\framework\src\Illuminate\Container\BoundMethod.php(87): Illuminate\Container\BoundMethod::Illuminate\Container\{closure}()
#6 D:\phpstudy\WWW\laravel54\vendor\laravel\framework\src\Illuminate\Container\BoundMethod.php(31): Illuminate\Container\BoundMethod::callBoundMethod(Object(Illuminate\Foundation\Application), Array, Object(Closure))
#7 D:\phpstudy\WWW\laravel54\vendor\laravel\framework\src\Illuminate\Container\Container.php(539): Illuminate\Container\BoundMethod::call(Object(Illuminate\Foundation\Application), Array, Array, NULL)
#8 D:\phpstudy\WWW\laravel54\vendor\laravel\framework\src\Illuminate\Foundation\Application.php(788): Illuminate\Container\Container->call(Array)
#9 D:\phpstudy\WWW\laravel54\vendor\laravel\framework\src\Illuminate\Foundation\Application.php(771): Illuminate\Foundation\Application->bootProvider(Object(App\Providers\EventServiceProvider))
#10 [internal function]: Illuminate\Foundation\Application->Illuminate\Foundation\{closure}(Object(App\Providers\EventServiceProvider), 16)
#11 D:\phpstudy\WWW\laravel54\vendor\laravel\framework\src\Illuminate\Foundation\Application.php(772): array_walk(Array, Object(Closure))
#12 D:\phpstudy\WWW\laravel54\vendor\laravel\framework\src\Illuminate\Foundation\Bootstrap\BootProviders.php(17): Illuminate\Foundation\Application->boot()
#13 D:\phpstudy\WWW\laravel54\vendor\laravel\framework\src\Illuminate\Foundation\Application.php(208): Illuminate\Foundation\Bootstrap\BootProviders->bootstrap(Object(Illuminate\Foundation\Application))
#14 D:\phpstudy\WWW\laravel54\vendor\laravel\framework\src\Illuminate\Foundation\Http\Kernel.php(162): Illuminate\Foundation\Application->bootstrapWith(Array)
#15 D:\phpstudy\WWW\laravel54\vendor\laravel\framework\src\Illuminate\Foundation\Http\Kernel.php(146): Illuminate\Foundation\Http\Kernel->bootstrap()
#16 D:\phpstudy\WWW\laravel54\vendor\laravel\framework\src\Illuminate\Foundation\Http\Kernel.php(116): Illuminate\Foundation\Http\Kernel->sendRequestThroughRouter(Object(Illuminate\Http\Request))
#17 D:\phpstudy\WWW\laravel54\public\index.php(53): Illuminate\Foundation\Http\Kernel->handle(Object(Illuminate\Http\Request))
#18 {main}  
